=‾=‾=‾=‾=‾=‾=‾=‾=‾=‾=‾= PuTTY log 2026.02.02 16:40:34 =‾=‾=‾=‾=‾=‾=‾=‾=‾=‾=‾=
ADC ready
GAIN=4
FADC=500.00
COUNT=3
Enter commands:
  GAIN=<1|2|4|8|16|32|64|128>
  FADC=<500|250|125|62.5|50|39.2|33.3|19.6|16.7|12.5|10|8.33|6.25|4.17>
  COUNT=<1..12>
  MEASURE
Measurement cycle is missing
SERIES1 = 16777215 16777215 16777215
SERIES2 = 0 213 7
SERIES3 = 16777215 16777215 16777215
GAIN=4
FADC=500.00
COUNT=3
END_CYCLE
SERIES1 = 16777215 16777215 16777215
SERIES2 = 0 144 2
SERIES3 = 16777215 16777215 16777215
GAIN=4
FADC=500.00
COUNT=3
END_CYCLE
SERIES1 = 16777215 16777215 16777215
SERIES2 = 0 175 313
SERIES3 = 16777215 16777215 16777215
GAIN=4
FADC=500.00
COUNT=3
END_CYCLE
SERIES1 = 16777215 16777215 16777215
SERIES2 = 0 0 190
SERIES3 = 16777215 16777215 16777215
GAIN=4
FADC=500.00
COUNT=3
END_CYCLE
SERIES1 = 16777215 16777215 16777215
SERIES2 = 0 269 7
SERIES3 = 16777215 16777215 16777215
GAIN=4
FADC=500.00
COUNT=3
END_CYCLE
SERIES1 = 16777215 16777215 16777215
SERIES2 = 0 24 84
SERIES3 = 16777215 16777215 16777215
GAIN=4
FADC=500.00
COUNT=3
END_CYCLE
SERIES1 = 16777215 16777215 16777215
SERIES2 = 0 0 0
SERIES3 = 16777215 16777215 16777215
GAIN=4
FADC=500.00
COUNT=3
END_CYCLE
SERIES1 = 16777215 16777215 16777215
SERIES2 = 0 0 0
SERIES3 = 16777215 16777215 16777215
GAIN=4
FADC=500.00
COUNT=3
END_CYCLE
SERIES1 = 16777215 16777215 16777215
SERIES2 = 0 0 597
SERIES3 = 16777215 16777215 16777215
GAIN=4
FADC=500.00
COUNT=3
END_CYCLE
SERIES1 = 16777215 16777215 16777215
SERIES2 = 326 0 229
SERIES3 = 16777215 16777215 16777215
GAIN=4
FADC=500.00
COUNT=3
END_CYCLE
SERIES1 = 16777215 16777215 16777215
SERIES2 = 582 112 60
SERIES3 = 16777215 16777215 16777215
GAIN=4
FADC=500.00
COUNT=3
END_CYCLE
SERIES1 = 16777215 16777215 16777215
SERIES2 = 106 121 569
SERIES3 = 16777215 16777215 16777215
GAIN=4
FADC=500.00
COUNT=3
END_CYCLE
SERIES1 = 16777215 16777215 16777215
SERIES2 = 75 0 207
SERIES3 = 16777215 16777215 16777215
GAIN=4
FADC=500.00
COUNT=3
END_CYCLE
SERIES1 = 16777215 16777215 16777215
SERIES2 = 379 242 15
SERIES3 = 16777215 16777215 16777215
GAIN=4
FADC=500.00
COUNT=3
END_CYCLE
SERIES1 = 16777215 16777215 16777215
SERIES2 = 76 0 334
SERIES3 = 16777215 16777215 16777215
GAIN=4
FADC=500.00
COUNT=3
END_CYCLE
SERIES1 = 16777215 16777215 16777215
SERIES2 = 231 0 52
SERIES3 = 16777215 16777215 16777215
GAIN=4
FADC=500.00
COUNT=3
END_CYCLE
SERIES1 = 16777215 16777215 16777215
SERIES2 = 0 129 175
SERIES3 = 16777215 16777215 16777215
GAIN=4
FADC=500.00
COUNT=3
END_CYCLE
SERIES1 = 16777215 16777215 16777215
SERIES2 = 15 90 0
SERIES3 = 16777215 16777215 16777215
GAIN=4
FADC=500.00
COUNT=3
END_CYCLE
SERIES1 = 16777215 16777215 16777215
SERIES2 = 0 248 0
SERIES3 = 16777215 16777215 16777215
GAIN=4
FADC=500.00
COUNT=3
END_CYCLE
SERIES1 = 16777215 16777215 16777215
SERIES2 = 168 149 160
SERIES3 = 16777215 16777215 16777215
GAIN=4
FADC=500.00
COUNT=3
END_CYCLE
SERIES1 = 16777215 16777215 16777215
SERIES2 = 282 241 0
SERIES3 = 16777215 16777215 16777215
GAIN=4
FADC=500.00
COUNT=3
END_CYCLE
SERIES1 = 16777215 16777215 16777215
SERIES2 = 172 0 0
SERIES3 = 16777215 16777215 16777215
GAIN=4
FADC=500.00
COUNT=3
END_CYCLE
SERIES1 = 16777215 16777215 16777215
SERIES2 = 515 0 0
SERIES3 = 16777215 16777215 16777215
GAIN=4
FADC=500.00
COUNT=3
END_CYCLE
SERIES1 = 16777215 16777215 16777215
SERIES2 = 106 0 244
SERIES3 = 16777215 16777215 16777215
GAIN=4
FADC=500.00
COUNT=3
END_CYCLE
SERIES1 = 16777215 16777215 16777215
SERIES2 = 0 132 0
SERIES3 = 16777215 16777215 16777215
GAIN=4
FADC=500.00
COUNT=3
END_CYCLE
SERIES1 = 16777215 16777215 16777215
SERIES2 = 119 22 0
SERIES3 = 16777215 16777215 16777215
GAIN=4
FADC=500.00
COUNT=3
END_CYCLE
SERIES1 = 16777215 16777215 16777215
SERIES2 = 0 0 287
SERIES3 = 16777215 16777215 16777215
GAIN=4
FADC=500.00
COUNT=3
END_CYCLE
SERIES1 = 16777215 16777215 16777215
SERIES2 = 67 0 15
SERIES3 = 16777215 16777215 16777215
GAIN=4
FADC=500.00
COUNT=3
END_CYCLE
SERIES1 = 16777215 16777215 16777215
SERIES2 = 0 34 0
SERIES3 = 16777215 16777215 16777215
GAIN=4
FADC=500.00
COUNT=3
END_CYCLE
SERIES1 = 16777215 16777215 16777215
SERIES2 = 0 0 347
SERIES3 = 16777215 16777215 16777215
GAIN=4
FADC=500.00
COUNT=3
END_CYCLE
SERIES1 = 16777215 16777215 16777215
SERIES2 = 67 349 0
SERIES3 = 16777215 16777215 16777215
GAIN=4
FADC=500.00
COUNT=3
END_CYCLE
SERIES1 = 16777215 16777215 16777215
SERIES2 = 0 297 446
SERIES3 = 16777215 16777215 16777215
GAIN=4
FADC=500.00
COUNT=3
END_CYCLE
SERIES1 = 16777215 16777215 16777215
SERIES2 = 0 0 0
SERIES3 = 16777215 16777215 16777215
GAIN=4
FADC=500.00
COUNT=3
END_CYCLE
SERIES1 = 16777215 16777215 16777215
SERIES2 = 216 17 0
SERIES3 = 16777215 16777215 16777215
GAIN=4
FADC=500.00
COUNT=3
END_CYCLE
SERIES1 = 16777215 16777215 16777215
SERIES2 = 214 0 0
SERIES3 = 16777215 16777215 16777215
GAIN=4
FADC=500.00
COUNT=3
END_CYCLE
SERIES1 = 16777215 16777215 16777215
SERIES2 = 162 0 183
SERIES3 = 16777215 16777215 16777215
GAIN=4
FADC=500.00
COUNT=3
END_CYCLE
SERIES1 = 16777215 16777215 16777215
SERIES2 = 0 60 0
SERIES3 = 16777215 16777215 16777215
GAIN=4
FADC=500.00
COUNT=3
END_CYCLE
SERIES1 = 16777215 16777215 16777215
SERIES2 = 431 0 58
SERIES3 = 16777215 16777215 16777215
GAIN=4
FADC=500.00
COUNT=3
END_CYCLE
SERIES1 = 16777215 16777215 16777215
SERIES2 = 431 0 371
SERIES3 = 16777215 16777215 16777215
GAIN=4
FADC=500.00
COUNT=3
END_CYCLE
SERIES1 = 16777215 16777215 16777215
SERIES2 = 0 134 0
SERIES3 = 16777215 16777215 16777215
GAIN=4
FADC=500.00
COUNT=3
END_CYCLE
SERIES1 = 16777215 16777215 16777215
SERIES2 = 192 558 136
SERIES3 = 16777215 16777215 16777215
GAIN=4
FADC=500.00
COUNT=3
END_CYCLE
SERIES1 = 16777215 16777215 16777215
SERIES2 = 0 2 196
SERIES3 = 16777215 16777215 16777215
GAIN=4
FADC=500.00
COUNT=3
END_CYCLE
SERIES1 = 16777215 16777215 16777215
SERIES2 = 7 0 364
SERIES3 = 16777215 16777215 16777215
GAIN=4
FADC=500.00
COUNT=3
END_CYCLE
SERIES1 = 16777215 16777215 16777215
SERIES2 = 0 289 0
SERIES3 = 16777215 16777215 16777215
GAIN=4
FADC=500.00
COUNT=3
END_CYCLE
SERIES1 = 16777215 16777215 16777215
SERIES2 = 287 0 196
SERIES3 = 16777215 16777215 16777215
GAIN=4
FADC=500.00
COUNT=3
END_CYCLE
SERIES1 = 16777215 16777215 16777215
SERIES2 = 104 200 90
SERIES3 = 16777215 16777215 16777215
GAIN=4
FADC=500.00
COUNT=3
END_CYCLE
SERIES1 = 16777215 16777215 16777215
SERIES2 = 0 47 0
SERIES3 = 16777215 16777215 16777215
GAIN=4
FADC=500.00
COUNT=3
END_CYCLE
SERIES1 = 16777215 16777215 16777215
SERIES2 = 0 0 250
SERIES3 = 16777215 16777215 16777215
GAIN=4
FADC=500.00
COUNT=3
END_CYCLE
SERIES1 = 16777215 16777215 16777215
SERIES2 = 97 0 0
SERIES3 = 16777215 16777215 16777215
GAIN=4
FADC=500.00
COUNT=3
END_CYCLE
SERIES1 = 16777215 16777215 16777215
SERIES2 = 0 0 0
SERIES3 = 16777215 16777215 16777215
GAIN=4
FADC=500.00
COUNT=3
END_CYCLE
SERIES1 = 16777215 16777215 16777215
SERIES2 = 0 0 349
SERIES3 = 16777215 16777215 16777215
GAIN=4
FADC=500.00
COUNT=3
END_CYCLE
SERIES1 = 16777215 16777215 16777215
SERIES2 = 0 0 142
SERIES3 = 16777215 16777215 16777215
GAIN=4
FADC=500.00
COUNT=3
END_CYCLE
SERIES1 = 16777215 16777215 16777215
SERIES2 = 142 295 112
SERIES3 = 16777215 16777215 16777215
GAIN=4
FADC=500.00
COUNT=3
END_CYCLE
SERIES1 = 16777215 16777215 16777215
SERIES2 = 97 0 0
SERIES3 = 16777215 16777215 16777215
GAIN=4
FADC=500.00
COUNT=3
END_CYCLE
SERIES1 = 16777215 16777215 16777215
SERIES2 = 15 0 7
SERIES3 = 16777215 16777215 16777215
GAIN=4
FADC=500.00
COUNT=3
END_CYCLE
SERIES1 = 16777215 16777215 16777215
SERIES2 = 0 45 507
SERIES3 = 16777215 16777215 16777215
GAIN=4
FADC=500.00
COUNT=3
END_CYCLE
SERIES1 = 16777215 16777215 16777215
SERIES2 = 0 0 160
SERIES3 = 16777215 16777215 16777215
GAIN=4
FADC=500.00
COUNT=3
END_CYCLE
SERIES1 = 16777215 16777215 16777215
SERIES2 = 239 267 186
SERIES3 = 16777215 16777215 16777215
GAIN=4
FADC=500.00
COUNT=3
END_CYCLE
SERIES1 = 16777215 16777215 16777215
SERIES2 = 0 0 0
SERIES3 = 16777215 16777215 16777215
GAIN=4
FADC=500.00
COUNT=3
END_CYCLE
SERIES1 = 16777215 16777215 16777215
SERIES2 = 0 39 15
SERIES3 = 16777215 16777215 16777215
GAIN=4
FADC=500.00
COUNT=3
END_CYCLE
SERIES1 = 16777215 16777215 16777215
SERIES2 = 0 0 0
SERIES3 = 16777215 16777215 16777215
GAIN=4
FADC=500.00
COUNT=3
END_CYCLE
SERIES1 = 16777215 16777215 16777215
SERIES2 = 190 35 0
SERIES3 = 16777215 16777215 16777215
GAIN=4
FADC=500.00
COUNT=3
END_CYCLE
SERIES1 = 16777215 16777215 16777215
SERIES2 = 226 0 295
SERIES3 = 16777215 16777215 16777215
GAIN=4
FADC=500.00
COUNT=3
END_CYCLE
SERIES1 = 16777215 16777215 16777215
SERIES2 = 0 0 0
SERIES3 = 16777215 16777215 16777215
GAIN=4
FADC=500.00
COUNT=3
END_CYCLE
SERIES1 = 16777215 16777215 16777215
SERIES2 = 90 0 0
SERIES3 = 16777215 16777215 16777215
GAIN=4
FADC=500.00
COUNT=3
END_CYCLE
SERIES1 = 16777215 16777215 16777215
SERIES2 = 0 0 0
SERIES3 = 16777215 16777215 16777215
GAIN=4
FADC=500.00
COUNT=3
END_CYCLE
SERIES1 = 16777215 16777215 16777215
SERIES2 = 0 0 0
SERIES3 = 16777215 16777215 16777215
GAIN=4
FADC=500.00
COUNT=3
END_CYCLE
SERIES1 = 16777215 16777215 16777215
SERIES2 = 0 0 222
SERIES3 = 16777215 16777215 16777215
GAIN=4
FADC=500.00
COUNT=3
END_CYCLE
SERIES1 = 16777215 16777215 16777215
SERIES2 = 45 0 45
SERIES3 = 16777215 16777215 16777215
GAIN=4
FADC=500.00
COUNT=3
END_CYCLE
SERIES1 = 16777215 16777215 16777215
SERIES2 = 22 282 321
SERIES3 = 16777215 16777215 16777215
GAIN=4
FADC=500.00
COUNT=3
END_CYCLE
SERIES1 = 16777215 16777215 16777215
SERIES2 = 0 431 0
SERIES3 = 16777215 16777215 16777215
GAIN=4
FADC=500.00
COUNT=3
END_CYCLE
ERROR Unknown command
SERIES1 = 16777215 16777215 16777215
SERIES2 = 67 7 0
SERIES3 = 16777215 16777215 16777215
GAIN=4
FADC=500.00
COUNT=3
END_CYCLE
SERIES1 = 16777215 16777215 16777215
SERIES2 = 0 297 157
SERIES3 = 16777215 16777215 16777215
GAIN=4
FADC=500.00
COUNT=3
END_CYCLE
SERIES1 = 16777215 16777215 16777215
SERIES2 = 121 520 166
SERIES3 = 16777215 16777215 16777215
GAIN=4
FADC=500.00
COUNT=3
END_CYCLE
SERIES1 = 16777215 16777215 16777215
SERIES2 = 6 110 483
SERIES3 = 16777215 16777215 16777215
GAIN=4
FADC=500.00
COUNT=3
END_CYCLE
Measurement cycle is missing
SERIES1 = 16777215 16777215 16777215
SERIES2 = 399 37 0
SERIES3 = 16777215 16777215 16777215
GAIN=4
FADC=500.00
COUNT=3
END_CYCLE
SERIES1 = 16777215 16777215 16777215
SERIES2 = 207 248 24
SERIES3 = 16777215 16777215 16777215
GAIN=4
FADC=500.00
COUNT=3
END_CYCLE
SERIES1 = 16777215 16777215 16777215
SERIES2 = 0 0 0
SERIES3 = 16777215 16777215 16777215
GAIN=4
FADC=500.00
COUNT=3
END_CYCLE
SERIES1 = 16777215 16777215 16777215
SERIES2 = 0 0 341
SERIES3 = 16777215 16777215 16777215
GAIN=4
FADC=500.00
COUNT=3
END_CYCLE
SERIES1 = 16777215 16777215 16777215
SERIES2 = 257 0 0
SERIES3 = 16777215 16777215 16777215
GAIN=4
FADC=500.00
COUNT=3
END_CYCLE
SERIES1 = 16777215 16777215 16777215
SERIES2 = 0 0 446
SERIES3 = 16777215 16777215 16777215
GAIN=4
FADC=500.00
COUNT=3
END_CYCLE
SERIES1 = 16777215 16777215 16777215
SERIES2 = 127 82 0
SERIES3 = 16777215 16777215 16777215
GAIN=4
FADC=500.00
COUNT=3
END_CYCLE
SERIES1 = 16777215 16777215 16777215
SERIES2 = 392 364 0
SERIES3 = 16777215 16777215 16777215
GAIN=4
FADC=500.00
COUNT=3
END_CYCLE
SERIES1 = 16777215 16777215 16777215
SERIES2 = 104 114 160
SERIES3 = 16777215 16777215 16777215
GAIN=4
FADC=500.00
COUNT=3
END_CYCLE
SERIES1 = 16777215 16777215 16777215
SERIES2 = 0 244 0
SERIES3 = 16777215 16777215 16777215
GAIN=4
FADC=500.00
COUNT=3
END_CYCLE
SERIES1 = 16777215 16777215 16777215
SERIES2 = 0 0 0
SERIES3 = 16777215 16777215 16777215
GAIN=4
FADC=500.00
COUNT=3
END_CYCLE
SERIES1 = 16777215 16777215 16777215
SERIES2 = 0 379 0
SERIES3 = 16777215 16777215 16777215
GAIN=4
FADC=500.00
COUNT=3
END_CYCLE
SERIES1 = 16777215 16777215 16777215
SERIES2 = 0 131 0
SERIES3 = 16777215 16777215 16777215
GAIN=4
FADC=500.00
COUNT=3
END_CYCLE
SERIES1 = 16777215 16777215 16777215
SERIES2 = 0 207 37
SERIES3 = 16777215 16777215 16777215
GAIN=4
FADC=500.00
COUNT=3
END_CYCLE
SERIES1 = 16777215 16777215 16777215
SERIES2 = 0 0 0
SERIES3 = 16777215 16777215 16777215
GAIN=4
FADC=500.00
COUNT=3
END_CYCLE
SERIES1 = 16777215 16777215 16777215
SERIES2 = 0 0 235
SERIES3 = 16777215 16777215 16777215
GAIN=4
FADC=500.00
COUNT=3
END_CYCLE
SERIES1 = 16777215 16777215 16777215
SERIES2 = 0 282 0
SERIES3 = 16777215 16777215 16777215
GAIN=4
FADC=500.00
COUNT=3
END_CYCLE
SERIES1 = 16777215 16777215 16777215
SERIES2 = 463 0 0
SERIES3 = 16777215 16777215 16777215
GAIN=4
FADC=500.00
COUNT=3
END_CYCLE
SERIES1 = 16777215 16777215 16777215
SERIES2 = 37 341 116
SERIES3 = 16777215 16777215 16777215
GAIN=4
FADC=500.00
COUNT=3
END_CYCLE
SERIES1 = 16777215 16777215 16777215
SERIES2 = 0 500 0
SERIES3 = 16777215 16777215 16777215
GAIN=4
FADC=500.00
COUNT=3
END_CYCLE
SERIES1 = 16777215 16777215 16777215
SERIES2 = 155 75 97
SERIES3 = 16777215 16777215 16777215
GAIN=4
FADC=500.00
COUNT=3
END_CYCLE
SERIES1 = 16777215 16777215 16777215
SERIES2 = 138 82 0
SERIES3 = 16777215 16777215 16777215
GAIN=4
FADC=500.00
COUNT=3
END_CYCLE
SERIES1 = 16777215 16777215 16777215
SERIES2 = 0 123 15
SERIES3 = 16777215 16777215 16777215
GAIN=4
FADC=500.00
COUNT=3
END_CYCLE
SERIES1 = 16777215 16777215 16777215
SERIES2 = 207 0 0
SERIES3 = 16777215 16777215 16777215
GAIN=4
FADC=500.00
COUNT=3
END_CYCLE
SERIES1 = 16777215 16777215 16777215
SERIES2 = 0 0 22
SERIES3 = 16777215 16777215 16777215
GAIN=4
FADC=500.00
COUNT=3
END_CYCLE
SERIES1 = 16777215 16777215 16777215
SERIES2 = 136 0 248
SERIES3 = 16777215 16777215 16777215
GAIN=4
FADC=500.00
COUNT=3
END_CYCLE
SERIES1 = 16777215 16777215 16777215
SERIES2 = 54 259 63
SERIES3 = 16777215 16777215 16777215
GAIN=4
FADC=500.00
COUNT=3
END_CYCLE
SERIES1 = 16777215 16777215 16777215
SERIES2 = 0 0 0
SERIES3 = 16777215 16777215 16777215
GAIN=4
FADC=500.00
COUNT=3
END_CYCLE
SERIES1 = 16777215 16777215 16777215
SERIES2 = 0 0 0
SERIES3 = 16777215 16777215 16777215
GAIN=4
FADC=500.00
COUNT=3
END_CYCLE
SERIES1 = 16777215 16777215 16777215
SERIES2 = 0 0 0
SERIES3 = 16777215 16777215 16777215
GAIN=4
FADC=500.00
COUNT=3
END_CYCLE
SERIES1 = 16777215 16777215 16777215
SERIES2 = 0 173 188
SERIES3 = 16777215 16777215 16777215
GAIN=4
FADC=500.00
COUNT=3
END_CYCLE
SERIES1 = 16777215 16777215 16777215
SERIES2 = 181 39 0
SERIES3 = 16777215 16777215 16777215
GAIN=4
FADC=500.00
COUNT=3
END_CYCLE
SERIES1 = 16777215 16777215 16777215
SERIES2 = 164 54 716
SERIES3 = 16777215 16777215 16777215
GAIN=4
FADC=500.00
COUNT=3
END_CYCLE
SERIES1 = 16777215 16777215 16777215
SERIES2 = 0 640 0
SERIES3 = 16777215 16777215 16777215
GAIN=4
FADC=500.00
COUNT=3
END_CYCLE
SERIES1 = 16777215 16777215 16777215
SERIES2 = 0 0 0
SERIES3 = 16777215 16777215 16777215
GAIN=4
FADC=500.00
COUNT=3
END_CYCLE
SERIES1 = 16777215 16777215 16777215
SERIES2 = 291 0 76
SERIES3 = 16777215 16777215 16777215
GAIN=4
FADC=500.00
COUNT=3
END_CYCLE
SERIES1 = 16777215 16777215 16777215
SERIES2 = 0 757 282
SERIES3 = 16777215 16777215 16777215
GAIN=4
FADC=500.00
COUNT=3
END_CYCLE
SERIES1 = 16777215 16777215 16777215
SERIES2 = 151 0 0
SERIES3 = 16777215 16777215 16777215
GAIN=4
FADC=500.00
COUNT=3
END_CYCLE
ERROR Unknown command
ERROR Unknown command
Measurement cycle is missing
SERIES1 = 0 0 0
SERIES2 = 16777215 16777215 16777215
SERIES3 = 416 0 0
GAIN=4
FADC=500.00
COUNT=3
END_CYCLE
Measurement cycle is missing
SERIES1 = 16777215 16777215 16777215
SERIES2 = 556 0 313
SERIES3 = 16777215 16777215 16777215
GAIN=4
FADC=500.00
COUNT=3
END_CYCLE
SERIES1 = 16777215 16777215 16777215
SERIES2 = 0 0 15
SERIES3 = 16777215 16777215 16777215
GAIN=4
FADC=500.00
COUNT=3
END_CYCLE
Measurement cycle is missing
SERIES1 = 16777215 16777215 16777215
SERIES2 = 0 63 0
SERIES3 = 16777215 16777215 16777215
GAIN=4
FADC=500.00
COUNT=3
END_CYCLE
SERIES1 = 16777215 16777215 16777215
SERIES2 = 140 0 226
SERIES3 = 16777215 16777215 16777215
GAIN=4
FADC=500.00
COUNT=3
END_CYCLE
SERIES1 = 16777215 16777215 16777215
SERIES2 = 157 88 213
SERIES3 = 16777215 16777215 16777215
GAIN=4
FADC=500.00
COUNT=3
END_CYCLE
OK GAIN=1
Measurement cycle is missing
SERIES1 = 14097751 14094030 14094348
SERIES2 = 351 213 392
SERIES3 = 13109129 13080972 13105007
GAIN=1
FADC=500.00
COUNT=3
END_CYCLE
SERIES1 = 14095131 14094668 14091042
SERIES2 = 270 261 0
SERIES3 = 13110784 13079862 13103696
GAIN=1
FADC=500.00
COUNT=3
END_CYCLE
SERIES1 = 14092428 14094465 14095735
SERIES2 = 63 394 574
SERIES3 = 13108225 13082795 13103826
GAIN=1
FADC=500.00
COUNT=3
END_CYCLE
SERIES1 = 14098802 14093161 14094355
SERIES2 = 362 313 0
SERIES3 = 13106184 13080541 13106331
GAIN=1
FADC=500.00
COUNT=3
END_CYCLE
SERIES1 = 14095107 14098361 14093486
SERIES2 = 228 21 0
SERIES3 = 13111500 13079558 13105112
GAIN=1
FADC=500.00
COUNT=3
END_CYCLE
SERIES1 = 14097936 14093075 14097893
SERIES2 = 0 351 168
SERIES3 = 13108930 13080939 13106024
GAIN=1
FADC=500.00
COUNT=3
END_CYCLE
SERIES1 = 14095599 14094741 14091992
SERIES2 = 121 203 546
SERIES3 = 13107210 13083072 13106889
GAIN=1
FADC=500.00
COUNT=3
END_CYCLE
SERIES1 = 14095510 14095961 14096188
SERIES2 = 168 492 47
SERIES3 = 13112479 13075265 13105432
GAIN=1
FADC=500.00
COUNT=3
END_CYCLE
SERIES1 = 14093876 14096263 14097207
SERIES2 = 0 157 640
SERIES3 = 13108200 13085535 13101211
GAIN=1
FADC=500.00
COUNT=3
END_CYCLE
SERIES1 = 14097000 14094430 14094224
SERIES2 = 733 345 0
SERIES3 = 13108579 13073939 13108583
GAIN=1
FADC=500.00
COUNT=3
END_CYCLE
SERIES1 = 14095843 14094476 14092986
SERIES2 = 121 388 132
SERIES3 = 13109480 13080547 13105453
GAIN=1
FADC=500.00
COUNT=3
END_CYCLE
SERIES1 = 14095306 14100984 14096849
SERIES2 = 0 0 0
SERIES3 = 13109457 13087691 13104017
GAIN=1
FADC=500.00
COUNT=3
END_CYCLE
SERIES1 = 14094924 14092053 14094834
SERIES2 = 502 0 315
SERIES3 = 13107376 13074978 13105100
GAIN=1
FADC=500.00
COUNT=3
END_CYCLE
SERIES1 = 14096810 14094090 14096259
SERIES2 = 289 0 295
SERIES3 = 13110567 13072295 13103715
GAIN=1
FADC=500.00
COUNT=3
END_CYCLE
SERIES1 = 14094943 14096522 14094521
SERIES2 = 804 39 90
SERIES3 = 13112524 13081625 13101590
GAIN=1
FADC=500.00
COUNT=3
END_CYCLE
SERIES1 = 14095258 14093525 14097470
SERIES2 = 63 211 384
SERIES3 = 13107969 13080344 13104328
GAIN=1
FADC=500.00
COUNT=3
END_CYCLE
SERIES1 = 14098863 14093900 14093441
SERIES2 = 0 58 0
SERIES3 = 13108001 13075145 13104714
GAIN=1
FADC=500.00
COUNT=3
END_CYCLE
SERIES1 = 14094047 14097761 14093728
SERIES2 = 0 0 466
SERIES3 = 13110545 13082653 13101396
GAIN=1
FADC=500.00
COUNT=3
END_CYCLE
SERIES1 = 14095172 14093928 14097440
SERIES2 = 0 0 192
SERIES3 = 13111032 13086551 13102364
GAIN=1
FADC=500.00
COUNT=3
END_CYCLE
SERIES1 = 14095836 14092322 14096035
SERIES2 = 207 0 263
SERIES3 = 13106932 13079930 13107146
GAIN=1
FADC=500.00
COUNT=3
END_CYCLE
SERIES1 = 14099729 14095955 14095340
SERIES2 = 164 326 80
SERIES3 = 13112602 13084042 13103360
GAIN=1
FADC=500.00
COUNT=3
END_CYCLE
SERIES1 = 14095142 14093969 14096110
SERIES2 = 254 58 0
SERIES3 = 13107857 13077895 13103285
GAIN=1
FADC=500.00
COUNT=3
END_CYCLE
SERIES1 = 14092512 14091688 14095879
SERIES2 = 0 242 0
SERIES3 = 13109103 13082776 13105261
GAIN=1
FADC=500.00
COUNT=3
END_CYCLE
SERIES1 = 14096905 14095996 14091186
SERIES2 = 0 121 71
SERIES3 = 13112048 13082931 13104619
GAIN=1
FADC=500.00
COUNT=3
END_CYCLE
SERIES1 = 14095288 14096616 14096567
SERIES2 = 0 30 0
SERIES3 = 13106829 13082196 13101805
GAIN=1
FADC=500.00
COUNT=3
END_CYCLE
SERIES1 = 14097393 14096252 14097199
SERIES2 = 0 0 382
SERIES3 = 13108558 13075129 13103610
GAIN=1
FADC=500.00
COUNT=3
END_CYCLE
SERIES1 = 14096233 14093913 14090360
SERIES2 = 170 179 276
SERIES3 = 13109394 13081148 13103726
GAIN=1
FADC=500.00
COUNT=3
END_CYCLE
SERIES1 = 14093866 14094062 14095778
SERIES2 = 354 345 0
SERIES3 = 13109573 13083559 13101913
GAIN=1
FADC=500.00
COUNT=3
END_CYCLE
SERIES1 = 14096485 14092458 14093107
SERIES2 = 179 0 173
SERIES3 = 13108747 13078508 13103977
GAIN=1
FADC=500.00
COUNT=3
END_CYCLE
SERIES1 = 14097692 14095674 14094195
SERIES2 = 242 73 239
SERIES3 = 13108747 13075270 13104332
GAIN=1
FADC=500.00
COUNT=3
END_CYCLE
SERIES1 = 14096513 14095677 14093223
SERIES2 = 181 589 17
SERIES3 = 13112585 13081692 13104373
GAIN=1
FADC=500.00
COUNT=3
END_CYCLE
SERIES1 = 14093439 14094411 14094534
SERIES2 = 101 0 0
SERIES3 = 13108958 13077954 13101777
GAIN=1
FADC=500.00
COUNT=3
END_CYCLE
SERIES1 = 14096992 14091736 14093786
SERIES2 = 0 147 0
SERIES3 = 13108019 13080135 13107633
GAIN=1
FADC=500.00
COUNT=3
END_CYCLE
SERIES1 = 14096030 14098031 14092203
SERIES2 = 175 108 142
SERIES3 = 13111545 13077372 13101584
GAIN=1
FADC=500.00
COUNT=3
END_CYCLE
SERIES1 = 14093318 14096088 14093090
SERIES2 = 567 530 177
SERIES3 = 13109457 13092191 13096136
GAIN=1
FADC=500.00
COUNT=3
END_CYCLE
SERIES1 = 14095547 14094043 14094140
SERIES2 = 159 0 229
SERIES3 = 13107064 13082934 13105408
GAIN=1
FADC=500.00
COUNT=3
END_CYCLE
SERIES1 = 14097431 14096899 14090845
SERIES2 = 364 0 164
SERIES3 = 13112294 13082643 13104395
GAIN=1
FADC=500.00
COUNT=3
END_CYCLE
SERIES1 = 14093822 14092967 14097403
SERIES2 = 640 0 289
SERIES3 = 13107879 13081724 13102745
GAIN=1
FADC=500.00
COUNT=3
END_CYCLE
SERIES1 = 14098923 14095815 14094394
SERIES2 = 647 50 298
SERIES3 = 13108014 13080575 13103735
GAIN=1
FADC=500.00
COUNT=3
END_CYCLE
SERIES1 = 14096755 14097664 14092126
SERIES2 = 371 48 125
SERIES3 = 13108624 13075740 13103593
GAIN=1
FADC=500.00
COUNT=3
END_CYCLE
SERIES1 = 14093105 14094247 14097880
SERIES2 = 37 276 0
SERIES3 = 13111254 13074034 13101661
GAIN=1
FADC=500.00
COUNT=3
END_CYCLE
SERIES1 = 14098886 14092066 14093355
SERIES2 = 0 183 377
SERIES3 = 13105749 13076886 13106852
GAIN=1
FADC=500.00
COUNT=3
END_CYCLE
SERIES1 = 14096341 14091466 14093435
SERIES2 = 276 0 13
SERIES3 = 13107872 13078833 13106747
GAIN=1
FADC=500.00
COUNT=3
END_CYCLE
SERIES1 = 14095994 14094706 14096218
SERIES2 = 699 0 367
SERIES3 = 13111451 13081135 13102752
GAIN=1
FADC=500.00
COUNT=3
END_CYCLE
SERIES1 = 14096931 14094653 14095763
SERIES2 = 142 349 37
SERIES3 = 13106410 13076811 13103828
GAIN=1
FADC=500.00
COUNT=3
END_CYCLE
SERIES1 = 14096127 14093517 14094167
SERIES2 = 384 423 56
SERIES3 = 13107363 13073696 13105887
GAIN=1
FADC=500.00
COUNT=3
END_CYCLE
SERIES1 = 14092495 14095213 14091283
SERIES2 = 0 26 246
SERIES3 = 13109678 13081342 13102157
GAIN=1
FADC=500.00
COUNT=3
END_CYCLE
SERIES1 = 14096326 14093297 14097470
SERIES2 = 433 500 388
SERIES3 = 13107564 13081565 13102842
GAIN=1
FADC=500.00
COUNT=3
END_CYCLE
SERIES1 = 14097826 14092900 14093680
SERIES2 = 21 526 0
SERIES3 = 13106445 13080933 13104750
GAIN=1
FADC=500.00
COUNT=3
END_CYCLE
SERIES1 = 14093393 14096366 14091733
SERIES2 = 35 9 298
SERIES3 = 13111149 13078232 13099652
GAIN=1
FADC=500.00
COUNT=3
END_CYCLE
SERIES1 = 14096435 14093338 14095444
SERIES2 = 453 677 116
SERIES3 = 13110239 13089552 13102217
GAIN=1
FADC=500.00
COUNT=3
END_CYCLE
SERIES1 = 14095868 14092141 14090447
SERIES2 = 6 101 569
SERIES3 = 13107292 13076856 13105930
GAIN=1
FADC=500.00
COUNT=3
END_CYCLE
SERIES1 = 14092852 14094060 14092083
SERIES2 = 276 442 0
SERIES3 = 13110724 13081336 13101598
GAIN=1
FADC=500.00
COUNT=3
END_CYCLE
SERIES1 = 14093109 14092104 14093195
SERIES2 = 472 298 188
SERIES3 = 13106798 13076168 13101344
GAIN=1
FADC=500.00
COUNT=3
END_CYCLE
SERIES1 = 14096403 14091244 14094816
SERIES2 = 0 192 34
SERIES3 = 13107439 13073420 13105216
GAIN=1
FADC=500.00
COUNT=3
END_CYCLE
SERIES1 = 14096024 14096591 14090104
SERIES2 = 149 397 218
SERIES3 = 13110386 13079023 13103450
GAIN=1
FADC=500.00
COUNT=3
END_CYCLE
SERIES1 = 14095118 14091958 14093409
SERIES2 = 229 0 522
SERIES3 = 13107501 13081155 13100437
GAIN=1
FADC=500.00
COUNT=3
END_CYCLE
SERIES1 = 14097737 14092807 14093070
SERIES2 = 201 17 106
SERIES3 = 13107484 13082804 13102312
GAIN=1
FADC=500.00
COUNT=3
END_CYCLE
SERIES1 = 14093572 14096990 14089621
SERIES2 = 28 373 0
SERIES3 = 13107230 13077718 13100038
GAIN=1
FADC=500.00
COUNT=3
END_CYCLE
SERIES1 = 14095858 14094167 14097326
SERIES2 = 248 761 86
SERIES3 = 13109262 13076677 13104190
GAIN=1
FADC=500.00
COUNT=3
END_CYCLE
SERIES1 = 14094874 14095444 14092725
SERIES2 = 6 278 567
SERIES3 = 13103922 13077272 13103364
GAIN=1
FADC=500.00
COUNT=3
END_CYCLE
SERIES1 = 14096045 14096179 14094579
SERIES2 = 119 334 407
SERIES3 = 13111328 13071437 13102364
GAIN=1
FADC=500.00
COUNT=3
END_CYCLE
SERIES1 = 14095508 14095866 14096035
SERIES2 = 142 317 0
SERIES3 = 13110250 13083832 13102150
GAIN=1
FADC=500.00
COUNT=3
END_CYCLE
SERIES1 = 14096440 14092936 14096396
SERIES2 = 0 293 925
SERIES3 = 13107214 13084268 13103688
GAIN=1
FADC=500.00
COUNT=3
END_CYCLE
SERIES1 = 14098908 14093510 14090867
SERIES2 = 0 328 0
SERIES3 = 13110599 13077283 13106186
GAIN=1
FADC=500.00
COUNT=3
END_CYCLE
SERIES1 = 14092725 14095375 14095985
SERIES2 = 0 315 714
SERIES3 = 13107656 13080480 13100851
GAIN=1
FADC=500.00
COUNT=3
END_CYCLE
SERIES1 = 14097125 14092656 14097634
SERIES2 = 28 403 362
SERIES3 = 13109172 13079846 13105569
GAIN=1
FADC=500.00
COUNT=3
END_CYCLE
SERIES1 = 14101435 14093441 14092193
SERIES2 = 0 244 144
SERIES3 = 13108956 13083572 13104977
GAIN=1
FADC=500.00
COUNT=3
END_CYCLE
SERIES1 = 14093374 14097878 14093736
SERIES2 = 744 304 552
SERIES3 = 13109265 13082834 13104050
GAIN=1
FADC=500.00
COUNT=3
END_CYCLE
SERIES1 = 14097515 14092322 14095094
SERIES2 = 533 668 408
SERIES3 = 13108821 13081508 13102431
GAIN=1
FADC=500.00
COUNT=3
END_CYCLE
SERIES1 = 14096121 14095746 14091503
SERIES2 = 86 352 0
SERIES3 = 13108650 13079331 13106096
GAIN=1
FADC=500.00
COUNT=3
END_CYCLE
SERIES1 = 14095605 14094275 14093432
SERIES2 = 0 0 479
SERIES3 = 13110194 13077316 13102282
GAIN=1
FADC=500.00
COUNT=3
END_CYCLE
SERIES1 = 14096078 14092805 14096778
SERIES2 = 173 188 740
SERIES3 = 13108031 13077165 13103632
GAIN=1
FADC=500.00
COUNT=3
END_CYCLE
SERIES1 = 14093592 14094021 14092089
SERIES2 = 0 0 151
SERIES3 = 13107350 13073084 13100984
GAIN=1
FADC=500.00
COUNT=3
END_CYCLE
SERIES1 = 14097518 14094415 14094006
SERIES2 = 26 211 651
SERIES3 = 13110905 13078465 13105194
GAIN=1
FADC=500.00
COUNT=3
END_CYCLE
SERIES1 = 14094775 14093167 14096487
SERIES2 = 589 21 375
SERIES3 = 13107284 13081054 13101105
GAIN=1
FADC=500.00
COUNT=3
END_CYCLE
SERIES1 = 14098619 14093540 14092663
SERIES2 = 0 358 82
SERIES3 = 13102954 13079282 13103692
GAIN=1
FADC=500.00
COUNT=3
END_CYCLE
SERIES1 = 14094825 14095079 14093057
SERIES2 = 224 386 0
SERIES3 = 13109909 13075186 13103023
GAIN=1
FADC=500.00
COUNT=3
END_CYCLE
SERIES1 = 14093251 14094907 14097291
SERIES2 = 278 248 382
SERIES3 = 13105268 13076037 13101344
GAIN=1
FADC=500.00
COUNT=3
END_CYCLE
SERIES1 = 14095381 14092840 14094002
SERIES2 = 121 0 131
SERIES3 = 13104856 13083089 13106080
GAIN=1
FADC=500.00
COUNT=3
END_CYCLE
SERIES1 = 14095838 14093616 14094213
SERIES2 = 233 362 410
SERIES3 = 13110746 13077106 13101655
GAIN=1
FADC=500.00
COUNT=3
END_CYCLE
SERIES1 = 14094206 14094398 14092316
SERIES2 = 123 0 177
SERIES3 = 13106372 13077999 13100926
GAIN=1
FADC=500.00
COUNT=3
END_CYCLE
SERIES1 = 14095733 14094252 14094211
SERIES2 = 427 0 0
SERIES3 = 13106024 13073959 13105943
GAIN=1
FADC=500.00
COUNT=3
END_CYCLE
SERIES1 = 14096890 14093329 14094417
SERIES2 = 380 0 121
SERIES3 = 13109008 13078549 13104791
GAIN=1
FADC=500.00
COUNT=3
END_CYCLE
SERIES1 = 14092464 14097901 14093445
SERIES2 = 401 420 131
SERIES3 = 13109144 13083539 13101157
GAIN=1
FADC=500.00
COUNT=3
END_CYCLE
SERIES1 = 14095187 14090903 14094944
SERIES2 = 0 0 203
SERIES3 = 13107697 13075539 13103950
GAIN=1
FADC=500.00
COUNT=3
END_CYCLE
SERIES1 = 14098354 14093907 14092068
SERIES2 = 0 0 563
SERIES3 = 13106865 13072713 13104656
GAIN=1
FADC=500.00
COUNT=3
END_CYCLE
SERIES1 = 14095377 14096483 14091641
SERIES2 = 103 213 131
SERIES3 = 13107781 13076861 13103177
GAIN=1
FADC=500.00
COUNT=3
END_CYCLE
SERIES1 = 14095401 14093447 14096625
SERIES2 = 554 0 203
SERIES3 = 13108245 13078617 13103832
GAIN=1
FADC=500.00
COUNT=3
END_CYCLE
SERIES1 = 14098755 14095791 14091824
SERIES2 = 28 103 0
SERIES3 = 13106432 13074116 13103338
GAIN=1
FADC=500.00
COUNT=3
END_CYCLE
SERIES1 = 14096024 14094562 14094558
SERIES2 = 502 177 138
SERIES3 = 13107458 13078525 13103998
GAIN=1
FADC=500.00
COUNT=3
END_CYCLE
SERIES1 = 14094715 14094027 14095655
SERIES2 = 0 252 226
SERIES3 = 13110651 13085822 13103427
GAIN=1
FADC=500.00
COUNT=3
END_CYCLE
SERIES1 = 14097108 14094219 14093928
SERIES2 = 334 231 0
SERIES3 = 13107559 13079795 13107782
GAIN=1
FADC=500.00
COUNT=3
END_CYCLE
SERIES1 = 14095465 14096030 14094021
SERIES2 = 338 153 34
SERIES3 = 13110804 13076500 13104420
GAIN=1
FADC=500.00
COUNT=3
END_CYCLE
SERIES1 = 14096714 14097015 14096765
SERIES2 = 0 244 0
SERIES3 = 13110743 13084522 13099706
GAIN=1
FADC=500.00
COUNT=3
END_CYCLE
SERIES1 = 14097535 14094146 14094504
SERIES2 = 267 530 474
SERIES3 = 13107568 13077205 13107299
GAIN=1
FADC=500.00
COUNT=3
END_CYCLE
SERIES1 = 14098559 14096832 14094252
SERIES2 = 0 0 159
SERIES3 = 13109775 13080661 13103248
GAIN=1
FADC=500.00
COUNT=3
END_CYCLE
SERIES1 = 14093943 14096709 14097082
SERIES2 = 517 147 619
SERIES3 = 13110849 13081838 13102441
GAIN=1
FADC=500.00
COUNT=3
END_CYCLE
SERIES1 = 14097399 14093316 14098147
SERIES2 = 298 0 505
SERIES3 = 13108754 13082140 13106134
GAIN=1
FADC=500.00
COUNT=3
END_CYCLE
SERIES1 = 14097968 14096981 14093253
SERIES2 = 0 0 666
SERIES3 = 13108379 13078630 13103545
GAIN=1
FADC=500.00
COUNT=3
END_CYCLE
SERIES1 = 14095957 14096423 14094006
SERIES2 = 623 373 306
SERIES3 = 13109165 13082629 13104423
GAIN=1
FADC=500.00
COUNT=3
END_CYCLE
SERIES1 = 14097393 14091427 14096921
SERIES2 = 255 0 571
SERIES3 = 13108262 13075619 13105705
GAIN=1
FADC=500.00
COUNT=3
END_CYCLE
SERIES1 = 14098639 14097334 14092785
SERIES2 = 0 159 297
SERIES3 = 13110356 13075045 13104835
GAIN=1
FADC=500.00
COUNT=3
END_CYCLE
SERIES1 = 14095873 14095623 14093430
SERIES2 = 0 233 239
SERIES3 = 13110002 13082291 13103177
GAIN=1
FADC=500.00
COUNT=3
END_CYCLE
SERIES1 = 14095500 14091583 14097848
SERIES2 = 159 205 48
SERIES3 = 13109545 13084665 13104280
GAIN=1
FADC=500.00
COUNT=3
END_CYCLE
SERIES1 = 14100559 14095810 14092152
SERIES2 = 338 489 213
SERIES3 = 13110067 13077516 13103493
GAIN=1
FADC=500.00
COUNT=3
END_CYCLE
